<?xml version="1.0" encoding="UTF-8"?>

<beans 
    xmlns="http://www.springframework.org/schema/beans" 
	xmlns:sec="http://www.springframework.org/schema/security" 
	xmlns:xsi="http://www.w3.org/2001/XMLSchema-instance" 
	xmlns:aop="http://www.springframework.org/schema/aop"
	xmlns:oauth="http://www.springframework.org/schema/security/oauth2"
	xsi:schemaLocation="http://www.springframework.org/schema/beans http://www.springframework.org/schema/beans/spring-beans-3.1.xsd
		                http://www.springframework.org/schema/aop http://www.springframework.org/schema/aop/spring-aop-3.1.xsd
	                    http://www.springframework.org/schema/security http://www.springframework.org/schema/security/spring-security-3.1.xsd
	                    http://www.springframework.org/schema/security/oauth2 http://www.springframework.org/schema/security/spring-security-oauth2-1.0.xsd">

	<bean id="applicationProperties" class="org.springframework.beans.factory.config.PropertiesFactoryBean">
		<property name="locations">
			<list>
				<value>classpath:static.properties</value>
			</list>
		</property>
	</bean>

	<bean class="org.springframework.beans.factory.config.PropertyPlaceholderConfigurer">
		<property name="properties" ref="applicationProperties" />
	</bean>

	<bean id="cirrasUnderwritingDataSource" class="org.springframework.jdbc.datasource.DriverManagerDataSource">
		<property name="driverClassName" value="org.postgresql.Driver" />
		<property name="url" value="${POSTGRES_URL}" />
		<property name="username" value="${POSTGRES_USERNAME}" />
		<property name="password" value="${POSTGRES_PASSWORD}" />
        <property name="connectionProperties">
            <props>
                <prop key="socketTimeout">10</prop>
            </props>
        </property>
	</bean>
	
</beans>
