<?xml version="1.0" encoding="UTF-8"?>
<beans xmlns="http://www.springframework.org/schema/beans" xmlns:xsi="http://www.w3.org/2001/XMLSchema-instance" xmlns:oauth="http://www.springframework.org/schema/security/oauth2" xmlns:amq="http://activemq.apache.org/schema/core" xsi:schemaLocation="http://www.springframework.org/schema/beans http://www.springframework.org/schema/beans/spring-beans-3.1.xsd
                        http://www.springframework.org/schema/security/oauth2 http://www.springframework.org/schema/security/spring-security-oauth2-1.0.xsd
                        http://activemq.apache.org/schema/core http://activemq.apache.org/schema/core/activemq-core.xsd">

	<bean id="applicationProperties" class="org.springframework.beans.factory.config.PropertiesFactoryBean">
		<property name="locations">
			<list>
				<value>classpath:test.properties</value>
			</list>
		</property>
	</bean>

	<bean class="org.springframework.beans.factory.config.PropertyPlaceholderConfigurer">
		<property name="properties" ref="applicationProperties" />
	</bean>

	<!-- <bean id="bootstrapDataSource" class="oracle.jdbc.pool.OracleDataSource" destroy-method="close">
		<property name="URL" value="${webade.datasource.url}" />
		<property name="user" value="${webade.datasource.username}" />
		<property name="password" value="${webade.datasource.password}" />
	</bean> -->
	
	
	<bean id="failoverDataSource" class="org.springframework.jdbc.datasource.DriverManagerDataSource">
		<property name="driverClassName" value="org.postgresql.Driver" />
		<property name="url" value="${POSTGRES_URL}" /> 
		<property name="username" value="${POSTGRES_USERNAME}" />
		<property name="password" value="${POSTGRES_PASSWORD}" />
        <property name="connectionProperties">
            <props>
                <prop key="socketTimeout">10</prop>
            </props>
        </property>
	</bean>

	
 <!-- 
	<amq:broker useJmx="false" persistent="false">
		<amq:transportConnectors>
			<amq:transportConnector uri="tcp://localhost:0" />
		</amq:transportConnectors>
	</amq:broker>    
 -->
	<!-- Activemq connection factory -->
<!--     <bean id="amqConnectionFactory" class="org.apache.activemq.ActiveMQConnectionFactory">
        <constructor-arg index="0" value="${activemq.server.url}"/>
    </bean>

	<bean id="cachingConnectionFactory" class="org.springframework.jms.connection.CachingConnectionFactory">
		<constructor-arg ref="amqConnectionFactory" />
		<property name="sessionCacheSize" value="100" />
	</bean>

 -->    <!--  Default Destination Topic Definition-->
<!--     <bean id="payrollDestination" class="org.apache.activemq.command.ActiveMQTopic">
        <constructor-arg index="0" value="VirtualTopic.WFHR.payroll-event-channel"/>
    </bean>

 -->    <!-- JmsTemplate Definition -->
<!--     <bean id="wfhrPayrollJmsTemplate" class="org.springframework.jms.core.JmsTemplate">
        <property name="connectionFactory" ref="cachingConnectionFactory" />
		<property name="pubSubDomain" value="true"/>
        <property name="defaultDestination" ref="payrollDestination" />
    </bean>
 -->	
</beans>